<?xml version="1.0" encoding="UTF-8"?>
<!-- Generated by org.testng.reporters.JUnitXMLReporter -->
<testsuite ignored="0" hostname="DESKTOP-O9UEFJA" failures="0" tests="10" name="Chrometest" time="31.482" errors="0" timestamp="2022-04-08T14:59:42 SGT">
  <testcase classname="tests.TestBase" name="@BeforeMethod setup" time="26.297">
    <failure type="org.openqa.selenium.SessionNotCreatedException" message="Could not start a new session. Response code 500. Message: unknown error: cannot find Chrome binary
Build info: version: &amp;apos;4.1.1&amp;apos;, revision: &amp;apos;e8fcc2cecf&amp;apos;
System info: host: &amp;apos;DESKTOP-O9UEFJA&amp;apos;, ip: &amp;apos;192.168.56.1&amp;apos;, os.name: &amp;apos;Windows 10&amp;apos;, os.arch: &amp;apos;amd64&amp;apos;, os.version: &amp;apos;10.0&amp;apos;, java.version: &amp;apos;17&amp;apos;
Driver info: org.openqa.selenium.chrome.ChromeDriver
Command: [null, newSession {capabilities=[Capabilities {browserName: chrome, goog:chromeOptions: {args: [start-maximized, disable-infobars, --disable-extensions, --disable-gpu, --disable-dev-shm-usage, --no-sandbox, --headless], extensions: []}}], desiredCapabilities=Capabilities {browserName: chrome, goog:chromeOptions: {args: [start-maximized, disable-infobars, --disable-extensions, --disable-gpu, --disable-dev-shm-usage, --no-sandbox, --headless], extensions: []}}}]">
      <![CDATA[org.openqa.selenium.SessionNotCreatedException: Could not start a new session. Response code 500. Message: unknown error: cannot find Chrome binary
Build info: version: '4.1.1', revision: 'e8fcc2cecf'
System info: host: 'DESKTOP-O9UEFJA', ip: '192.168.56.1', os.name: 'Windows 10', os.arch: 'amd64', os.version: '10.0', java.version: '17'
Driver info: org.openqa.selenium.chrome.ChromeDriver
Command: [null, newSession {capabilities=[Capabilities {browserName: chrome, goog:chromeOptions: {args: [start-maximized, disable-infobars, --disable-extensions, --disable-gpu, --disable-dev-shm-usage, --no-sandbox, --headless], extensions: []}}], desiredCapabilities=Capabilities {browserName: chrome, goog:chromeOptions: {args: [start-maximized, disable-infobars, --disable-extensions, --disable-gpu, --disable-dev-shm-usage, --no-sandbox, --headless], extensions: []}}}]
at org.openqa.selenium.remote.ProtocolHandshake.createSession(ProtocolHandshake.java:126)
at org.openqa.selenium.remote.ProtocolHandshake.createSession(ProtocolHandshake.java:84)
at org.openqa.selenium.remote.ProtocolHandshake.createSession(ProtocolHandshake.java:62)
at org.openqa.selenium.remote.HttpCommandExecutor.execute(HttpCommandExecutor.java:156)
at org.openqa.selenium.remote.service.DriverCommandExecutor.invokeExecute(DriverCommandExecutor.java:167)
at org.openqa.selenium.remote.service.DriverCommandExecutor.execute(DriverCommandExecutor.java:142)
at org.openqa.selenium.remote.RemoteWebDriver.execute(RemoteWebDriver.java:543)
at org.openqa.selenium.remote.RemoteWebDriver.startSession(RemoteWebDriver.java:230)
at org.openqa.selenium.remote.RemoteWebDriver.<init>(RemoteWebDriver.java:151)
at org.openqa.selenium.chromium.ChromiumDriver.<init>(ChromiumDriver.java:108)
at org.openqa.selenium.chrome.ChromeDriver.<init>(ChromeDriver.java:104)
at org.openqa.selenium.chrome.ChromeDriver.<init>(ChromeDriver.java:91)
at org.openqa.selenium.chrome.ChromeDriver.<init>(ChromeDriver.java:80)
at tests.TestBase.setup(TestBase.java:71)
at java.base/java.util.ArrayList.forEach(ArrayList.java:1511)
at com.intellij.rt.testng.IDEARemoteTestNG.run(IDEARemoteTestNG.java:66)
at com.intellij.rt.testng.RemoteTestNGStarter.main(RemoteTestNGStarter.java:109)
... Removed 28 stack frames]]>
    </failure>
  </testcase> <!-- @BeforeMethod setup -->
  <testcase classname="tests.TestBase" name="@AfterMethod TerminateTest" time="-1.649401177698E9">
    <skipped/>
  </testcase> <!-- @AfterMethod TerminateTest -->
  <testcase classname="tests.TestBase" name="@BeforeMethod setup" time="-1.649401177699E9">
    <skipped/>
  </testcase> <!-- @BeforeMethod setup -->
  <testcase classname="tests.TestBase" name="@AfterMethod TerminateTest" time="-1.6494011777E9">
    <skipped/>
  </testcase> <!-- @AfterMethod TerminateTest -->
  <testcase classname="tests.TestBase" name="@BeforeMethod setup" time="-1.649401177701E9">
    <skipped/>
  </testcase> <!-- @BeforeMethod setup -->
  <testcase classname="tests.TestBase" name="@AfterMethod TerminateTest" time="-1.649401177703E9">
    <skipped/>
  </testcase> <!-- @AfterMethod TerminateTest -->
  <testcase classname="tests.TestBase" name="@BeforeMethod setup" time="-1.649401177705E9">
    <skipped/>
  </testcase> <!-- @BeforeMethod setup -->
  <testcase classname="tests.TestBase" name="@AfterMethod TerminateTest" time="-1.649401177706E9">
    <skipped/>
  </testcase> <!-- @AfterMethod TerminateTest -->
  <testcase classname="tests.TestBase" name="@BeforeMethod setup" time="-1.649401177706E9">
    <skipped/>
  </testcase> <!-- @BeforeMethod setup -->
  <testcase classname="tests.TestBase" name="@AfterMethod TerminateTest" time="-1.649401177707E9">
    <skipped/>
  </testcase> <!-- @AfterMethod TerminateTest -->
  <testcase classname="tests.TestBase" name="@BeforeMethod setup" time="1.148">
    <failure type="org.openqa.selenium.SessionNotCreatedException" message="Could not start a new session. Response code 500. Message: unknown error: cannot find Chrome binary
Build info: version: &amp;apos;4.1.1&amp;apos;, revision: &amp;apos;e8fcc2cecf&amp;apos;
System info: host: &amp;apos;DESKTOP-O9UEFJA&amp;apos;, ip: &amp;apos;192.168.56.1&amp;apos;, os.name: &amp;apos;Windows 10&amp;apos;, os.arch: &amp;apos;amd64&amp;apos;, os.version: &amp;apos;10.0&amp;apos;, java.version: &amp;apos;17&amp;apos;
Driver info: org.openqa.selenium.chrome.ChromeDriver
Command: [null, newSession {capabilities=[Capabilities {browserName: chrome, goog:chromeOptions: {args: [start-maximized, disable-infobars, --disable-extensions, --disable-gpu, --disable-dev-shm-usage, --no-sandbox, --headless], extensions: []}}], desiredCapabilities=Capabilities {browserName: chrome, goog:chromeOptions: {args: [start-maximized, disable-infobars, --disable-extensions, --disable-gpu, --disable-dev-shm-usage, --no-sandbox, --headless], extensions: []}}}]">
      <![CDATA[org.openqa.selenium.SessionNotCreatedException: Could not start a new session. Response code 500. Message: unknown error: cannot find Chrome binary
Build info: version: '4.1.1', revision: 'e8fcc2cecf'
System info: host: 'DESKTOP-O9UEFJA', ip: '192.168.56.1', os.name: 'Windows 10', os.arch: 'amd64', os.version: '10.0', java.version: '17'
Driver info: org.openqa.selenium.chrome.ChromeDriver
Command: [null, newSession {capabilities=[Capabilities {browserName: chrome, goog:chromeOptions: {args: [start-maximized, disable-infobars, --disable-extensions, --disable-gpu, --disable-dev-shm-usage, --no-sandbox, --headless], extensions: []}}], desiredCapabilities=Capabilities {browserName: chrome, goog:chromeOptions: {args: [start-maximized, disable-infobars, --disable-extensions, --disable-gpu, --disable-dev-shm-usage, --no-sandbox, --headless], extensions: []}}}]
at org.openqa.selenium.remote.ProtocolHandshake.createSession(ProtocolHandshake.java:126)
at org.openqa.selenium.remote.ProtocolHandshake.createSession(ProtocolHandshake.java:84)
at org.openqa.selenium.remote.ProtocolHandshake.createSession(ProtocolHandshake.java:62)
at org.openqa.selenium.remote.HttpCommandExecutor.execute(HttpCommandExecutor.java:156)
at org.openqa.selenium.remote.service.DriverCommandExecutor.invokeExecute(DriverCommandExecutor.java:167)
at org.openqa.selenium.remote.service.DriverCommandExecutor.execute(DriverCommandExecutor.java:142)
at org.openqa.selenium.remote.RemoteWebDriver.execute(RemoteWebDriver.java:543)
at org.openqa.selenium.remote.RemoteWebDriver.startSession(RemoteWebDriver.java:230)
at org.openqa.selenium.remote.RemoteWebDriver.<init>(RemoteWebDriver.java:151)
at org.openqa.selenium.chromium.ChromiumDriver.<init>(ChromiumDriver.java:108)
at org.openqa.selenium.chrome.ChromeDriver.<init>(ChromeDriver.java:104)
at org.openqa.selenium.chrome.ChromeDriver.<init>(ChromeDriver.java:91)
at org.openqa.selenium.chrome.ChromeDriver.<init>(ChromeDriver.java:80)
at tests.TestBase.setup(TestBase.java:71)
at java.base/java.util.ArrayList.forEach(ArrayList.java:1511)
at com.intellij.rt.testng.IDEARemoteTestNG.run(IDEARemoteTestNG.java:66)
at com.intellij.rt.testng.RemoteTestNGStarter.main(RemoteTestNGStarter.java:109)
... Removed 28 stack frames]]>
    </failure>
  </testcase> <!-- @BeforeMethod setup -->
  <testcase classname="tests.TestBase" name="@AfterMethod TerminateTest" time="-1.649401178866E9">
    <skipped/>
  </testcase> <!-- @AfterMethod TerminateTest -->
  <testcase classname="tests.TestBase" name="@BeforeMethod setup" time="0.824">
    <failure type="org.openqa.selenium.SessionNotCreatedException" message="Could not start a new session. Response code 500. Message: unknown error: cannot find Chrome binary
Build info: version: &amp;apos;4.1.1&amp;apos;, revision: &amp;apos;e8fcc2cecf&amp;apos;
System info: host: &amp;apos;DESKTOP-O9UEFJA&amp;apos;, ip: &amp;apos;192.168.56.1&amp;apos;, os.name: &amp;apos;Windows 10&amp;apos;, os.arch: &amp;apos;amd64&amp;apos;, os.version: &amp;apos;10.0&amp;apos;, java.version: &amp;apos;17&amp;apos;
Driver info: org.openqa.selenium.chrome.ChromeDriver
Command: [null, newSession {capabilities=[Capabilities {browserName: chrome, goog:chromeOptions: {args: [start-maximized, disable-infobars, --disable-extensions, --disable-gpu, --disable-dev-shm-usage, --no-sandbox, --headless], extensions: []}}], desiredCapabilities=Capabilities {browserName: chrome, goog:chromeOptions: {args: [start-maximized, disable-infobars, --disable-extensions, --disable-gpu, --disable-dev-shm-usage, --no-sandbox, --headless], extensions: []}}}]">
      <![CDATA[org.openqa.selenium.SessionNotCreatedException: Could not start a new session. Response code 500. Message: unknown error: cannot find Chrome binary
Build info: version: '4.1.1', revision: 'e8fcc2cecf'
System info: host: 'DESKTOP-O9UEFJA', ip: '192.168.56.1', os.name: 'Windows 10', os.arch: 'amd64', os.version: '10.0', java.version: '17'
Driver info: org.openqa.selenium.chrome.ChromeDriver
Command: [null, newSession {capabilities=[Capabilities {browserName: chrome, goog:chromeOptions: {args: [start-maximized, disable-infobars, --disable-extensions, --disable-gpu, --disable-dev-shm-usage, --no-sandbox, --headless], extensions: []}}], desiredCapabilities=Capabilities {browserName: chrome, goog:chromeOptions: {args: [start-maximized, disable-infobars, --disable-extensions, --disable-gpu, --disable-dev-shm-usage, --no-sandbox, --headless], extensions: []}}}]
at org.openqa.selenium.remote.ProtocolHandshake.createSession(ProtocolHandshake.java:126)
at org.openqa.selenium.remote.ProtocolHandshake.createSession(ProtocolHandshake.java:84)
at org.openqa.selenium.remote.ProtocolHandshake.createSession(ProtocolHandshake.java:62)
at org.openqa.selenium.remote.HttpCommandExecutor.execute(HttpCommandExecutor.java:156)
at org.openqa.selenium.remote.service.DriverCommandExecutor.invokeExecute(DriverCommandExecutor.java:167)
at org.openqa.selenium.remote.service.DriverCommandExecutor.execute(DriverCommandExecutor.java:142)
at org.openqa.selenium.remote.RemoteWebDriver.execute(RemoteWebDriver.java:543)
at org.openqa.selenium.remote.RemoteWebDriver.startSession(RemoteWebDriver.java:230)
at org.openqa.selenium.remote.RemoteWebDriver.<init>(RemoteWebDriver.java:151)
at org.openqa.selenium.chromium.ChromiumDriver.<init>(ChromiumDriver.java:108)
at org.openqa.selenium.chrome.ChromeDriver.<init>(ChromeDriver.java:104)
at org.openqa.selenium.chrome.ChromeDriver.<init>(ChromeDriver.java:91)
at org.openqa.selenium.chrome.ChromeDriver.<init>(ChromeDriver.java:80)
at tests.TestBase.setup(TestBase.java:71)
at java.base/java.util.ArrayList.forEach(ArrayList.java:1511)
at com.intellij.rt.testng.IDEARemoteTestNG.run(IDEARemoteTestNG.java:66)
at com.intellij.rt.testng.RemoteTestNGStarter.main(RemoteTestNGStarter.java:109)
... Removed 28 stack frames]]>
    </failure>
  </testcase> <!-- @BeforeMethod setup -->
  <testcase classname="tests.TestBase" name="@AfterMethod TerminateTest" time="-1.649401179695E9">
    <skipped/>
  </testcase> <!-- @AfterMethod TerminateTest -->
  <testcase classname="tests.TestBase" name="@BeforeMethod setup" time="1.121">
    <failure type="org.openqa.selenium.SessionNotCreatedException" message="Could not start a new session. Response code 500. Message: unknown error: cannot find Chrome binary
Build info: version: &amp;apos;4.1.1&amp;apos;, revision: &amp;apos;e8fcc2cecf&amp;apos;
System info: host: &amp;apos;DESKTOP-O9UEFJA&amp;apos;, ip: &amp;apos;192.168.56.1&amp;apos;, os.name: &amp;apos;Windows 10&amp;apos;, os.arch: &amp;apos;amd64&amp;apos;, os.version: &amp;apos;10.0&amp;apos;, java.version: &amp;apos;17&amp;apos;
Driver info: org.openqa.selenium.chrome.ChromeDriver
Command: [null, newSession {capabilities=[Capabilities {browserName: chrome, goog:chromeOptions: {args: [start-maximized, disable-infobars, --disable-extensions, --disable-gpu, --disable-dev-shm-usage, --no-sandbox, --headless], extensions: []}}], desiredCapabilities=Capabilities {browserName: chrome, goog:chromeOptions: {args: [start-maximized, disable-infobars, --disable-extensions, --disable-gpu, --disable-dev-shm-usage, --no-sandbox, --headless], extensions: []}}}]">
      <![CDATA[org.openqa.selenium.SessionNotCreatedException: Could not start a new session. Response code 500. Message: unknown error: cannot find Chrome binary
Build info: version: '4.1.1', revision: 'e8fcc2cecf'
System info: host: 'DESKTOP-O9UEFJA', ip: '192.168.56.1', os.name: 'Windows 10', os.arch: 'amd64', os.version: '10.0', java.version: '17'
Driver info: org.openqa.selenium.chrome.ChromeDriver
Command: [null, newSession {capabilities=[Capabilities {browserName: chrome, goog:chromeOptions: {args: [start-maximized, disable-infobars, --disable-extensions, --disable-gpu, --disable-dev-shm-usage, --no-sandbox, --headless], extensions: []}}], desiredCapabilities=Capabilities {browserName: chrome, goog:chromeOptions: {args: [start-maximized, disable-infobars, --disable-extensions, --disable-gpu, --disable-dev-shm-usage, --no-sandbox, --headless], extensions: []}}}]
at org.openqa.selenium.remote.ProtocolHandshake.createSession(ProtocolHandshake.java:126)
at org.openqa.selenium.remote.ProtocolHandshake.createSession(ProtocolHandshake.java:84)
at org.openqa.selenium.remote.ProtocolHandshake.createSession(ProtocolHandshake.java:62)
at org.openqa.selenium.remote.HttpCommandExecutor.execute(HttpCommandExecutor.java:156)
at org.openqa.selenium.remote.service.DriverCommandExecutor.invokeExecute(DriverCommandExecutor.java:167)
at org.openqa.selenium.remote.service.DriverCommandExecutor.execute(DriverCommandExecutor.java:142)
at org.openqa.selenium.remote.RemoteWebDriver.execute(RemoteWebDriver.java:543)
at org.openqa.selenium.remote.RemoteWebDriver.startSession(RemoteWebDriver.java:230)
at org.openqa.selenium.remote.RemoteWebDriver.<init>(RemoteWebDriver.java:151)
at org.openqa.selenium.chromium.ChromiumDriver.<init>(ChromiumDriver.java:108)
at org.openqa.selenium.chrome.ChromeDriver.<init>(ChromeDriver.java:104)
at org.openqa.selenium.chrome.ChromeDriver.<init>(ChromeDriver.java:91)
at org.openqa.selenium.chrome.ChromeDriver.<init>(ChromeDriver.java:80)
at tests.TestBase.setup(TestBase.java:71)
at java.base/java.util.ArrayList.forEach(ArrayList.java:1511)
at com.intellij.rt.testng.IDEARemoteTestNG.run(IDEARemoteTestNG.java:66)
at com.intellij.rt.testng.RemoteTestNGStarter.main(RemoteTestNGStarter.java:109)
... Removed 28 stack frames]]>
    </failure>
  </testcase> <!-- @BeforeMethod setup -->
  <testcase classname="tests.TestBase" name="@AfterMethod TerminateTest" time="-1.649401180819E9">
    <skipped/>
  </testcase> <!-- @AfterMethod TerminateTest -->
  <testcase classname="tests.TestBase" name="@BeforeMethod setup" time="1.091">
    <failure type="org.openqa.selenium.SessionNotCreatedException" message="Could not start a new session. Response code 500. Message: unknown error: cannot find Chrome binary
Build info: version: &amp;apos;4.1.1&amp;apos;, revision: &amp;apos;e8fcc2cecf&amp;apos;
System info: host: &amp;apos;DESKTOP-O9UEFJA&amp;apos;, ip: &amp;apos;192.168.56.1&amp;apos;, os.name: &amp;apos;Windows 10&amp;apos;, os.arch: &amp;apos;amd64&amp;apos;, os.version: &amp;apos;10.0&amp;apos;, java.version: &amp;apos;17&amp;apos;
Driver info: org.openqa.selenium.chrome.ChromeDriver
Command: [null, newSession {capabilities=[Capabilities {browserName: chrome, goog:chromeOptions: {args: [start-maximized, disable-infobars, --disable-extensions, --disable-gpu, --disable-dev-shm-usage, --no-sandbox, --headless], extensions: []}}], desiredCapabilities=Capabilities {browserName: chrome, goog:chromeOptions: {args: [start-maximized, disable-infobars, --disable-extensions, --disable-gpu, --disable-dev-shm-usage, --no-sandbox, --headless], extensions: []}}}]">
      <![CDATA[org.openqa.selenium.SessionNotCreatedException: Could not start a new session. Response code 500. Message: unknown error: cannot find Chrome binary
Build info: version: '4.1.1', revision: 'e8fcc2cecf'
System info: host: 'DESKTOP-O9UEFJA', ip: '192.168.56.1', os.name: 'Windows 10', os.arch: 'amd64', os.version: '10.0', java.version: '17'
Driver info: org.openqa.selenium.chrome.ChromeDriver
Command: [null, newSession {capabilities=[Capabilities {browserName: chrome, goog:chromeOptions: {args: [start-maximized, disable-infobars, --disable-extensions, --disable-gpu, --disable-dev-shm-usage, --no-sandbox, --headless], extensions: []}}], desiredCapabilities=Capabilities {browserName: chrome, goog:chromeOptions: {args: [start-maximized, disable-infobars, --disable-extensions, --disable-gpu, --disable-dev-shm-usage, --no-sandbox, --headless], extensions: []}}}]
at org.openqa.selenium.remote.ProtocolHandshake.createSession(ProtocolHandshake.java:126)
at org.openqa.selenium.remote.ProtocolHandshake.createSession(ProtocolHandshake.java:84)
at org.openqa.selenium.remote.ProtocolHandshake.createSession(ProtocolHandshake.java:62)
at org.openqa.selenium.remote.HttpCommandExecutor.execute(HttpCommandExecutor.java:156)
at org.openqa.selenium.remote.service.DriverCommandExecutor.invokeExecute(DriverCommandExecutor.java:167)
at org.openqa.selenium.remote.service.DriverCommandExecutor.execute(DriverCommandExecutor.java:142)
at org.openqa.selenium.remote.RemoteWebDriver.execute(RemoteWebDriver.java:543)
at org.openqa.selenium.remote.RemoteWebDriver.startSession(RemoteWebDriver.java:230)
at org.openqa.selenium.remote.RemoteWebDriver.<init>(RemoteWebDriver.java:151)
at org.openqa.selenium.chromium.ChromiumDriver.<init>(ChromiumDriver.java:108)
at org.openqa.selenium.chrome.ChromeDriver.<init>(ChromeDriver.java:104)
at org.openqa.selenium.chrome.ChromeDriver.<init>(ChromeDriver.java:91)
at org.openqa.selenium.chrome.ChromeDriver.<init>(ChromeDriver.java:80)
at tests.TestBase.setup(TestBase.java:71)
at java.base/java.util.ArrayList.forEach(ArrayList.java:1511)
at com.intellij.rt.testng.IDEARemoteTestNG.run(IDEARemoteTestNG.java:66)
at com.intellij.rt.testng.RemoteTestNGStarter.main(RemoteTestNGStarter.java:109)
... Removed 28 stack frames]]>
    </failure>
  </testcase> <!-- @BeforeMethod setup -->
  <testcase classname="tests.TestBase" name="@AfterMethod TerminateTest" time="-1.649401181914E9">
    <skipped/>
  </testcase> <!-- @AfterMethod TerminateTest -->
  <testcase classname="tests.TestBase" name="@BeforeMethod setup" time="0.853">
    <failure type="org.openqa.selenium.SessionNotCreatedException" message="Could not start a new session. Response code 500. Message: unknown error: cannot find Chrome binary
Build info: version: &amp;apos;4.1.1&amp;apos;, revision: &amp;apos;e8fcc2cecf&amp;apos;
System info: host: &amp;apos;DESKTOP-O9UEFJA&amp;apos;, ip: &amp;apos;192.168.56.1&amp;apos;, os.name: &amp;apos;Windows 10&amp;apos;, os.arch: &amp;apos;amd64&amp;apos;, os.version: &amp;apos;10.0&amp;apos;, java.version: &amp;apos;17&amp;apos;
Driver info: org.openqa.selenium.chrome.ChromeDriver
Command: [null, newSession {capabilities=[Capabilities {browserName: chrome, goog:chromeOptions: {args: [start-maximized, disable-infobars, --disable-extensions, --disable-gpu, --disable-dev-shm-usage, --no-sandbox, --headless], extensions: []}}], desiredCapabilities=Capabilities {browserName: chrome, goog:chromeOptions: {args: [start-maximized, disable-infobars, --disable-extensions, --disable-gpu, --disable-dev-shm-usage, --no-sandbox, --headless], extensions: []}}}]">
      <![CDATA[org.openqa.selenium.SessionNotCreatedException: Could not start a new session. Response code 500. Message: unknown error: cannot find Chrome binary
Build info: version: '4.1.1', revision: 'e8fcc2cecf'
System info: host: 'DESKTOP-O9UEFJA', ip: '192.168.56.1', os.name: 'Windows 10', os.arch: 'amd64', os.version: '10.0', java.version: '17'
Driver info: org.openqa.selenium.chrome.ChromeDriver
Command: [null, newSession {capabilities=[Capabilities {browserName: chrome, goog:chromeOptions: {args: [start-maximized, disable-infobars, --disable-extensions, --disable-gpu, --disable-dev-shm-usage, --no-sandbox, --headless], extensions: []}}], desiredCapabilities=Capabilities {browserName: chrome, goog:chromeOptions: {args: [start-maximized, disable-infobars, --disable-extensions, --disable-gpu, --disable-dev-shm-usage, --no-sandbox, --headless], extensions: []}}}]
at org.openqa.selenium.remote.ProtocolHandshake.createSession(ProtocolHandshake.java:126)
at org.openqa.selenium.remote.ProtocolHandshake.createSession(ProtocolHandshake.java:84)
at org.openqa.selenium.remote.ProtocolHandshake.createSession(ProtocolHandshake.java:62)
at org.openqa.selenium.remote.HttpCommandExecutor.execute(HttpCommandExecutor.java:156)
at org.openqa.selenium.remote.service.DriverCommandExecutor.invokeExecute(DriverCommandExecutor.java:167)
at org.openqa.selenium.remote.service.DriverCommandExecutor.execute(DriverCommandExecutor.java:142)
at org.openqa.selenium.remote.RemoteWebDriver.execute(RemoteWebDriver.java:543)
at org.openqa.selenium.remote.RemoteWebDriver.startSession(RemoteWebDriver.java:230)
at org.openqa.selenium.remote.RemoteWebDriver.<init>(RemoteWebDriver.java:151)
at org.openqa.selenium.chromium.ChromiumDriver.<init>(ChromiumDriver.java:108)
at org.openqa.selenium.chrome.ChromeDriver.<init>(ChromeDriver.java:104)
at org.openqa.selenium.chrome.ChromeDriver.<init>(ChromeDriver.java:91)
at org.openqa.selenium.chrome.ChromeDriver.<init>(ChromeDriver.java:80)
at tests.TestBase.setup(TestBase.java:71)
at java.base/java.util.ArrayList.forEach(ArrayList.java:1511)
at com.intellij.rt.testng.IDEARemoteTestNG.run(IDEARemoteTestNG.java:66)
at com.intellij.rt.testng.RemoteTestNGStarter.main(RemoteTestNGStarter.java:109)
... Removed 28 stack frames]]>
    </failure>
  </testcase> <!-- @BeforeMethod setup -->
  <testcase classname="tests.TestBase" name="@AfterMethod TerminateTest" time="-1.649401182779E9">
    <skipped/>
  </testcase> <!-- @AfterMethod TerminateTest -->
  <testcase classname="tests.LoginLogoutTest" name="init" time="0.001">
    <skipped/>
  </testcase> <!-- init -->
  <testcase classname="tests.LoginLogoutTest" name="init" time="0.0">
    <skipped/>
  </testcase> <!-- init -->
  <testcase classname="tests.LoginLogoutTest" name="init" time="0.0">
    <skipped/>
  </testcase> <!-- init -->
  <testcase classname="tests.LoginLogoutTest" name="init" time="0.0">
    <skipped/>
  </testcase> <!-- init -->
  <testcase classname="tests.LoginLogoutTest" name="init" time="0.0">
    <skipped/>
  </testcase> <!-- init -->
  <testcase classname="tests.administrator.CreateRoleTest" name="init" time="0.0">
    <skipped/>
  </testcase> <!-- init -->
  <testcase classname="tests.administrator.RegistrationTest" name="init" time="0.0">
    <skipped/>
  </testcase> <!-- init -->
  <testcase classname="tests.supervisor.ViewPatientTest" name="init" time="0.0">
    <skipped/>
  </testcase> <!-- init -->
  <testcase classname="tests.supervisor.ManagePatientInfoTest" name="init" time="0.0">
    <skipped/>
  </testcase> <!-- init -->
  <testcase classname="tests.supervisor.AddPrescriptionTest" name="init" time="0.0">
    <skipped/>
  </testcase> <!-- init -->
</testsuite> <!-- Chrometest -->
