<?xml version="1.0" encoding="UTF-8"?>
<!-- Generated by org.testng.reporters.JUnitXMLReporter -->
<testsuite ignored="0" hostname="MSI" failures="0" tests="7" name="Firefoxtest" time="12.715" errors="0" timestamp="2022-02-14T22:54:02 GMT+08:00">
  <testcase classname="tests.TestBase" name="@BeforeMethod setup" time="5.438">
    <failure type="org.openqa.selenium.WebDriverException" message="Cannot find firefox binary in PATH. Make sure firefox is installed. OS appears to be: WIN10
Build info: version: &amp;apos;4.1.1&amp;apos;, revision: &amp;apos;e8fcc2cecf&amp;apos;
System info: host: &amp;apos;MSI&amp;apos;, ip: &amp;apos;172.20.176.1&amp;apos;, os.name: &amp;apos;Windows 10&amp;apos;, os.arch: &amp;apos;amd64&amp;apos;, os.version: &amp;apos;10.0&amp;apos;, java.version: &amp;apos;17&amp;apos;
Driver info: driver.version: FirefoxDriver">
      <![CDATA[org.openqa.selenium.WebDriverException: Cannot find firefox binary in PATH. Make sure firefox is installed. OS appears to be: WIN10
Build info: version: '4.1.1', revision: 'e8fcc2cecf'
System info: host: 'MSI', ip: '172.20.176.1', os.name: 'Windows 10', os.arch: 'amd64', os.version: '10.0', java.version: '17'
Driver info: driver.version: FirefoxDriver
at org.openqa.selenium.firefox.FirefoxBinary.<init>(FirefoxBinary.java:95)
at java.base/java.util.Optional.orElseGet(Optional.java:364)
at org.openqa.selenium.firefox.FirefoxOptions.getBinary(FirefoxOptions.java:189)
at org.openqa.selenium.firefox.GeckoDriverService$Builder.withOptions(GeckoDriverService.java:179)
at org.openqa.selenium.firefox.FirefoxDriver.toExecutor(FirefoxDriver.java:232)
at org.openqa.selenium.firefox.FirefoxDriver.<init>(FirefoxDriver.java:186)
at tests.TestBase.setup(TestBase.java:53)
at java.base/java.util.ArrayList.forEach(ArrayList.java:1511)
at com.intellij.rt.testng.IDEARemoteTestNG.run(IDEARemoteTestNG.java:66)
at com.intellij.rt.testng.RemoteTestNGStarter.main(RemoteTestNGStarter.java:109)
... Removed 28 stack frames]]>
    </failure>
  </testcase> <!-- @BeforeMethod setup -->
  <testcase classname="tests.TestBase" name="@AfterMethod TerminateTest" time="-1.644850435525E9">
    <skipped/>
  </testcase> <!-- @AfterMethod TerminateTest -->
  <testcase classname="tests.TestBase" name="@BeforeMethod setup" time="-1.644850435525E9">
    <skipped/>
  </testcase> <!-- @BeforeMethod setup -->
  <testcase classname="tests.TestBase" name="@AfterMethod TerminateTest" time="-1.644850435525E9">
    <skipped/>
  </testcase> <!-- @AfterMethod TerminateTest -->
  <testcase classname="tests.TestBase" name="@BeforeMethod setup" time="-1.644850435526E9">
    <skipped/>
  </testcase> <!-- @BeforeMethod setup -->
  <testcase classname="tests.TestBase" name="@AfterMethod TerminateTest" time="-1.644850435526E9">
    <skipped/>
  </testcase> <!-- @AfterMethod TerminateTest -->
  <testcase classname="tests.TestBase" name="@BeforeMethod setup" time="-1.644850435526E9">
    <skipped/>
  </testcase> <!-- @BeforeMethod setup -->
  <testcase classname="tests.TestBase" name="@AfterMethod TerminateTest" time="-1.644850435527E9">
    <skipped/>
  </testcase> <!-- @AfterMethod TerminateTest -->
  <testcase classname="tests.TestBase" name="@BeforeMethod setup" time="-1.644850435527E9">
    <skipped/>
  </testcase> <!-- @BeforeMethod setup -->
  <testcase classname="tests.TestBase" name="@AfterMethod TerminateTest" time="-1.644850435528E9">
    <skipped/>
  </testcase> <!-- @AfterMethod TerminateTest -->
  <testcase classname="tests.TestBase" name="@BeforeMethod setup" time="2.884">
    <failure type="org.openqa.selenium.WebDriverException" message="Cannot find firefox binary in PATH. Make sure firefox is installed. OS appears to be: WIN10
Build info: version: &amp;apos;4.1.1&amp;apos;, revision: &amp;apos;e8fcc2cecf&amp;apos;
System info: host: &amp;apos;MSI&amp;apos;, ip: &amp;apos;172.20.176.1&amp;apos;, os.name: &amp;apos;Windows 10&amp;apos;, os.arch: &amp;apos;amd64&amp;apos;, os.version: &amp;apos;10.0&amp;apos;, java.version: &amp;apos;17&amp;apos;
Driver info: driver.version: FirefoxDriver">
      <![CDATA[org.openqa.selenium.WebDriverException: Cannot find firefox binary in PATH. Make sure firefox is installed. OS appears to be: WIN10
Build info: version: '4.1.1', revision: 'e8fcc2cecf'
System info: host: 'MSI', ip: '172.20.176.1', os.name: 'Windows 10', os.arch: 'amd64', os.version: '10.0', java.version: '17'
Driver info: driver.version: FirefoxDriver
at org.openqa.selenium.firefox.FirefoxBinary.<init>(FirefoxBinary.java:95)
at java.base/java.util.Optional.orElseGet(Optional.java:364)
at org.openqa.selenium.firefox.FirefoxOptions.getBinary(FirefoxOptions.java:189)
at org.openqa.selenium.firefox.GeckoDriverService$Builder.withOptions(GeckoDriverService.java:179)
at org.openqa.selenium.firefox.FirefoxDriver.toExecutor(FirefoxDriver.java:232)
at org.openqa.selenium.firefox.FirefoxDriver.<init>(FirefoxDriver.java:186)
at tests.TestBase.setup(TestBase.java:53)
at java.base/java.util.ArrayList.forEach(ArrayList.java:1511)
at com.intellij.rt.testng.IDEARemoteTestNG.run(IDEARemoteTestNG.java:66)
at com.intellij.rt.testng.RemoteTestNGStarter.main(RemoteTestNGStarter.java:109)
... Removed 28 stack frames]]>
    </failure>
  </testcase> <!-- @BeforeMethod setup -->
  <testcase classname="tests.TestBase" name="@AfterMethod TerminateTest" time="-1.644850438419E9">
    <skipped/>
  </testcase> <!-- @AfterMethod TerminateTest -->
  <testcase classname="tests.TestBase" name="@BeforeMethod setup" time="4.363">
    <failure type="org.openqa.selenium.WebDriverException" message="Cannot find firefox binary in PATH. Make sure firefox is installed. OS appears to be: WIN10
Build info: version: &amp;apos;4.1.1&amp;apos;, revision: &amp;apos;e8fcc2cecf&amp;apos;
System info: host: &amp;apos;MSI&amp;apos;, ip: &amp;apos;172.20.176.1&amp;apos;, os.name: &amp;apos;Windows 10&amp;apos;, os.arch: &amp;apos;amd64&amp;apos;, os.version: &amp;apos;10.0&amp;apos;, java.version: &amp;apos;17&amp;apos;
Driver info: driver.version: FirefoxDriver">
      <![CDATA[org.openqa.selenium.WebDriverException: Cannot find firefox binary in PATH. Make sure firefox is installed. OS appears to be: WIN10
Build info: version: '4.1.1', revision: 'e8fcc2cecf'
System info: host: 'MSI', ip: '172.20.176.1', os.name: 'Windows 10', os.arch: 'amd64', os.version: '10.0', java.version: '17'
Driver info: driver.version: FirefoxDriver
at org.openqa.selenium.firefox.FirefoxBinary.<init>(FirefoxBinary.java:95)
at java.base/java.util.Optional.orElseGet(Optional.java:364)
at org.openqa.selenium.firefox.FirefoxOptions.getBinary(FirefoxOptions.java:189)
at org.openqa.selenium.firefox.GeckoDriverService$Builder.withOptions(GeckoDriverService.java:179)
at org.openqa.selenium.firefox.FirefoxDriver.toExecutor(FirefoxDriver.java:232)
at org.openqa.selenium.firefox.FirefoxDriver.<init>(FirefoxDriver.java:186)
at tests.TestBase.setup(TestBase.java:53)
at java.base/java.util.ArrayList.forEach(ArrayList.java:1511)
at com.intellij.rt.testng.IDEARemoteTestNG.run(IDEARemoteTestNG.java:66)
at com.intellij.rt.testng.RemoteTestNGStarter.main(RemoteTestNGStarter.java:109)
... Removed 28 stack frames]]>
    </failure>
  </testcase> <!-- @BeforeMethod setup -->
  <testcase classname="tests.TestBase" name="@AfterMethod TerminateTest" time="-1.644850442786E9">
    <skipped/>
  </testcase> <!-- @AfterMethod TerminateTest -->
  <testcase classname="tests.LoginLogoutTest" name="init" time="0.0">
    <skipped/>
  </testcase> <!-- init -->
  <testcase classname="tests.LoginLogoutTest" name="init" time="0.0">
    <skipped/>
  </testcase> <!-- init -->
  <testcase classname="tests.LoginLogoutTest" name="init" time="0.0">
    <skipped/>
  </testcase> <!-- init -->
  <testcase classname="tests.LoginLogoutTest" name="init" time="0.0">
    <skipped/>
  </testcase> <!-- init -->
  <testcase classname="tests.LoginLogoutTest" name="init" time="0.0">
    <skipped/>
  </testcase> <!-- init -->
  <testcase classname="tests.supervisor.ViewPatientTest" name="init" time="0.0">
    <skipped/>
  </testcase> <!-- init -->
  <testcase classname="tests.supervisor.ManagePatientInfoTest" name="init" time="0.0">
    <skipped/>
  </testcase> <!-- init -->
</testsuite> <!-- Firefoxtest -->
